nohup: vue-cli-service: No such file or directory

> qaml@1.0.0 production
> vue-cli-service serve --mode production

 INFO  Starting development server...
 WARNING  Compiled with 3 warnings4:52:05 PM

 warning  in ./node_modules/vue-audio-visual/src/components/AvBase.js

"export 'h' was not found in 'vue'

 warning  

asset size limit: The following asset(s) exceed the recommended size limit (244 KiB).
This can impact web performance.
Assets: 
  static/fonts/materialdesignicons-webfont.7a44ea19.woff2 (318 KiB)
  static/fonts/materialdesignicons-webfont.147e3378.woff (454 KiB)
  static/fonts/materialdesignicons-webfont.64d4cf64.eot (1000 KiB)
  static/fonts/materialdesignicons-webfont.174c02fc.ttf (1000 KiB)
  static/js/chunk-elementUI.4e0bd077.js (654 KiB)
  static/css/chunk-libs.1f424a23.css (858 KiB)
  static/js/chunk-libs.4a8f3825.js (3.45 MiB)

 warning  

entrypoint size limit: The following entrypoint(s) combined asset size exceeds the recommended limit (244 KiB). This can impact web performance.
Entrypoints:
  app (5.22 MiB)
      static/css/chunk-elementUI.b80cec6e.css
      static/js/chunk-elementUI.4e0bd077.js
      static/css/chunk-libs.1f424a23.css
      static/js/chunk-libs.4a8f3825.js
      static/css/app.9b12afe3.css
      static/js/app.891ef26e.js



  App running at:
  - Local:   http://localhost:9528/ 
  - Network: http://192.168.1.4:9528/

  App is served in production mode.
  Note this is for preview or E2E testing only.

